{
  "RSpec": {
    "coverage": {
      "/Users/laetitia/Desktop/Projects/RPS/rps-challenge-apprenticeships/app.rb": {
        "lines": [
          1,
          1,
          null,
          1,
          null,
          1,
          1,
          null,
          null,
          1,
          4,
          null,
          null,
          1,
          3,
          3,
          3,
          3,
          3,
          null,
          null,
          1,
          2,
          2,
          2,
          2,
          2,
          null,
          null,
          null,
          1,
          null
        ]
      },
      "/Users/laetitia/Desktop/Projects/RPS/rps-challenge-apprenticeships/lib/game.rb": {
        "lines": [
          1,
          1,
          null,
          1,
          11,
          null,
          null,
          1,
          6,
          null,
          null,
          1,
          7,
          null,
          null,
          1,
          null,
          null,
          null,
          null,
          5,
          2,
          null,
          3,
          null,
          null,
          2,
          null,
          1,
          null,
          null,
          null
        ]
      },
      "/Users/laetitia/Desktop/Projects/RPS/rps-challenge-apprenticeships/spec/features/home_page_spec.rb": {
        "lines": [
          1,
          1,
          1,
          1,
          null,
          null
        ]
      },
      "/Users/laetitia/Desktop/Projects/RPS/rps-challenge-apprenticeships/spec/features/player_name_spec.rb": {
        "lines": [
          1,
          1,
          1,
          1,
          1,
          1,
          null,
          null
        ]
      },
      "/Users/laetitia/Desktop/Projects/RPS/rps-challenge-apprenticeships/spec/features/result_spec.rb": {
        "lines": [
          1,
          1,
          1,
          1,
          1,
          1,
          1,
          null,
          null
        ]
      },
      "/Users/laetitia/Desktop/Projects/RPS/rps-challenge-apprenticeships/spec/features/test_page_spec.rb": {
        "lines": [
          1,
          1,
          1,
          1,
          null,
          null
        ]
      },
      "/Users/laetitia/Desktop/Projects/RPS/rps-challenge-apprenticeships/spec/features/weapon_spec.rb": {
        "lines": [
          1,
          1,
          1,
          1,
          1,
          1,
          1,
          null,
          null
        ]
      },
      "/Users/laetitia/Desktop/Projects/RPS/rps-challenge-apprenticeships/spec/game_spec.rb": {
        "lines": [
          1,
          null,
          1,
          1,
          1,
          1,
          1,
          1,
          1,
          1,
          null,
          null,
          null,
          1,
          1,
          1,
          1,
          1,
          1,
          1,
          null,
          null,
          null,
          1,
          1,
          1,
          1,
          1,
          1,
          1,
          null,
          null,
          null,
          null,
          null
        ]
      }
    },
    "timestamp": 1648410419
  }
}
